<?xml version="1.0" encoding="UTF-8"?>
<!-- Generated by org.testng.reporters.JUnitXMLReporter -->
<testsuite hostname="SHANU-PC" ignored="0" name="Test" tests="1" failures="1" timestamp="14 Oct 2018 18:23:27 GMT" time="30.98" errors="0">
  <testcase name="tc_123" time="30.009" classname="com.shanu.screenshot.Capturescreeenshot">
    <failure type="java.lang.AssertionError" message="expected [Test123] but found [Test]">
      <![CDATA[java.lang.AssertionError: expected [Test123] but found [Test]
at com.shanu.screenshot.Capturescreeenshot.tc_123(Capturescreeenshot.java:18)
... Removed 31 stack frames]]>
    </failure>
  </testcase> <!-- tc_123 -->
</testsuite> <!-- Test -->
